G: 剩余 742 GB可用 
G: 剩余 742 GB可用 
G: 剩余 742 GB可用 
G: 剩余 742 GB可用 
G: 剩余 742 GB可用 
G: 剩余 742 GB可用 
G: 剩余 742 GB可用 
G: 剩余 742 GB可用 
G: 剩余 742 GB可用 
G: 剩余 742 GB可用 
G: 剩余 742 GB可用 
G: 剩余 742 GB可用 
G: 剩余 742 GB可用 
G: 剩余 742 GB可用 
G: 剩余 742 GB可用 
G: 剩余 742 GB可用 
G: 剩余 743 GB可用 
G: 剩余 743 GB可用 
删除日志成功,删除日期: 20170623  
删除日志成功,删除日期: 20170623  
删除日志成功,删除日期: 20170623  
删除日志成功,删除日期: 20170623  
删除日志成功,删除日期: 20170623  
删除日志成功,删除日期: 20170623  
删除日志成功,删除日期: 20170623  
删除日志成功,删除日期: 20170623  
删除日志成功,删除日期: 20170623  
删除日志成功,删除日期: 20170623  
删除日志成功,删除日期: 20170623  
删除日志成功,删除日期: 20170623  
删除日志成功,删除日期: 20170623  
删除日志成功,删除日期: 20170623  
G: 剩余 683 GB可用 
删除日志成功,删除日期: 20170623  
G: 剩余 683 GB可用 
删除日志成功,删除日期: 20170623  
G: 剩余 683 GB可用 
删除日志成功,删除日期: 20170623  
G: 剩余 683 GB可用 
删除日志成功,删除日期: 20170623  
G: 剩余 683 GB可用 
删除日志成功,删除日期: 20170623  
G: 剩余 683 GB可用 
删除日志成功,删除日期: 20170623  
删除日志成功,删除日期: 20170623  
删除日志成功,删除日期: 20170623  
删除日志成功,删除日期: 20170623  
请检查参数配置后再连接！！
G: 剩余 683 GB可用 
G: 剩余 683 GB可用 
G: 剩余 683 GB可用 
G: 剩余 683 GB可用 
G:!volume! 剩余 !space! GB可用 
G:!volume! 剩余 !space! GB可用 
G:!volume! 剩余 !space! GB可用 
G:!volume! 剩余 !space! GB可用 
G:!volume! 剩余 !space! GB可用 
G:!volume! 剩余 !space! GB可用 
G:!volume! 剩余 !space! GB可用 
G:!volume! 剩余 !space! GB可用 
G:!volume! 剩余 !space! GB可用 
G:!volume! 剩余 !space! GB可用 
G:!volume! 剩余 !space! GB可用 
%i:!volume! 剩余 !space! GB可用 
%i:!volume! 剩余 !space! GB可用 
%i:!volume! 剩余 !space! GB可用 
%i:!volume! 剩余 !space! GB可用 
%i:!volume! 剩余 !space! GB可用 
%i:!volume! 剩余 !space! GB可用 
%i:!volume! 剩余 !space! GB可用 
%i:!volume! 剩余 !space! GB可用 
%i:!volume! 剩余 !space! GB可用 
%i:!volume! 剩余 !space! GB可用 
%i:!volume! 剩余 !space! GB可用 
%i:!volume! 剩余 !space! GB可用 
%i:!volume! 剩余 !space! GB可用 
%i:!volume! 剩余 !space! GB可用 
G:!volume! 剩余 !space! GB可用 
G:!volume! 剩余 !space! GB可用 
G:!volume! 剩余 !space! GB可用 
G:!volume! 剩余 !space! GB可用 
G:!volume! 剩余 !space! GB可用 
G:!volume! 剩余 !space! GB可用 
G:!volume! 剩余 !space! GB可用 
G:!volume! 剩余 !space! GB可用 
G:!volume! 剩余 !space! GB可用 
G:!volume! 剩余 !space! GB可用 
G:!volume! 剩余 !space! GB可用 
G:!volume! 剩余 !space! GB可用 
G:!volume! 剩余 !space! GB可用 
G:!volume! 剩余 !space! GB可用 
G:!volume! 剩余 !space! GB可用 
G:!volume! 剩余 !space! GB可用 
G:!volume! 剩余 !space! GB可用 
G:!volume! 剩余 !space! GB可用 
G:!volume! 剩余 !space! GB可用 
G:!volume! 剩余 !space! GB可用 
G:!volume! 剩余 !space! GB可用 
G:!volume! 剩余 !space! GB可用 
G:!volume! 剩余 !space! GB可用 
G:!volume! 剩余 !space! GB可用 
G:!volume! 剩余 !space! GB可用 
G:!volume! 剩余 !space! GB可用 
G:!volume! 剩余 !space! GB可用 
G:!volume! 剩余 !space! GB可用 
G:!volume! 剩余 !space! GB可用 
G:!volume! 剩余 !space! GB可用 
G:!volume! 剩余 !space! GB可用 
G:!volume! 剩余 !space! GB可用 
G:!volume! 剩余 !space! GB可用 
G:!volume! 剩余 !space! GB可用 
G:!volume! 剩余 !space! GB可用 
G:!volume! 剩余 !space! GB可用 
G:!volume! 剩余 !space! GB可用 
G:!volume! 剩余 !space! GB可用 
G:!volume! 剩余 !space! GB可用 
G:!volume! 剩余 !space! GB可用 
G:!volume! 剩余 !space! GB可用 
G:!volume! 剩余 !space! GB可用 
G:!volume! 剩余 !space! GB可用 
G:!volume! 剩余 !space! GB可用 
G:!volume! 剩余 !space! GB可用 
G:!volume! 剩余 !space! GB可用 
G:!volume! 剩余 !space! GB可用 
G:!volume! 剩余 !space! GB可用 
G:!volume! 剩余 !space! GB可用 
G:!volume! 剩余 !space! GB可用 
G:!volume! 剩余 !space! GB可用 
G:!volume! 剩余 !space! GB可用 
G:!volume! 剩余 !space! GB可用 
G:!volume! 剩余 !space! GB可用 
G:!volume! 剩余 !space! GB可用 
G:!volume! 剩余 !space! GB可用 
G:!volume! 剩余 !space! GB可用 
G:!volume! 剩余 !space! GB可用 
G:!volume! 剩余 !space! GB可用 
G:!volume! 剩余 !space! GB可用 
G:!volume! 剩余 !space! GB可用 
G:!volume! 剩余 !space! GB可用 
G:!volume! 剩余 !space! GB可用 
G:!volume! 剩余 !space! GB可用 
G:!volume! 剩余 !space! GB可用 
G:!volume! 剩余 !space! GB可用 
G:!volume! 剩余 !space! GB可用 
G:!volume! 剩余 !space! GB可用 
G:!volume! 剩余 !space! GB可用 
G:!volume! 剩余 !space! GB可用 
G:!volume! 剩余 !space! GB可用 
G:!volume! 剩余 !space! GB可用 
G:!volume! 剩余 !space! GB可用 
G:!volume! 剩余 !space! GB可用 
G:!volume! 剩余 !space! GB可用 
G:!volume! 剩余 !space! GB可用 
G:!volume! 剩余 !space! GB可用 
G:!volume! 剩余 !space! GB可用 
G:!volume! 剩余 !space! GB可用 
